[2023-07-04 15:02:50,729] multiqc                                            [DEBUG  ]  This is MultiQC v1.14
[2023-07-04 15:02:50,741] multiqc                                            [DEBUG  ]  Loading config settings from: multiqc_config.yml
[2023-07-04 15:02:50,741] multiqc                                            [DEBUG  ]  New config: {'report_comment': 'This report has been generated by the <a href="https://github.com/nf-core/rnaseq" target="_blank">nf-core/rnaseq</a> analysis pipeline. For information about how to interpret these results, please see the <a href="https://nf-co.re/rnaseq" target="_blank">documentation</a>.\n', 'report_section_order': {'nf-core-rnaseq-methods-description': {'order': -1000}, 'software_versions': {'order': -1001}, 'nf-core-rnaseq-summary': {'order': -1002}}, 'export_plots': True, 'run_modules': ['custom_content', 'fastqc', 'cutadapt', 'fastp', 'sortmerna', 'star', 'hisat2', 'rsem', 'salmon', 'samtools', 'picard', 'preseq', 'rseqc', 'qualimap'], 'top_modules': ['fail_trimmed_samples', 'fail_mapped_samples', 'fail_strand_check', 'star_rsem_deseq2_pca', 'star_rsem_deseq2_clustering', 'star_salmon_deseq2_pca', 'star_salmon_deseq2_clustering', 'salmon_deseq2_pca', 'salmon_deseq2_clustering', 'biotype_counts', 'dupradar'], 'module_order': [{'fastqc': {'name': 'FastQC (raw)', 'info': 'This section of the report shows FastQC results before adapter trimming.', 'path_filters': ['./fastqc/raw/*.zip']}}, 'cutadapt', 'fastp', {'fastqc': {'name': 'FastQC (trimmed)', 'info': 'This section of the report shows FastQC results after adapter trimming.', 'path_filters': ['./fastqc/trim/*.zip']}}], 'table_columns_visible': {'fastqc': {'percent_duplicates': False}}, 'custom_data': {'fail_trimmed_samples': {'section_name': 'WARNING: Fail Trimming Check', 'description': "List of samples that failed the minimum trimmed reads threshold specified via the '--min_trimmed_reads' parameter, and hence were ignored for the downstream processing steps.", 'plot_type': 'table', 'pconfig': {'id': 'fail_trimmed_samples_table', 'table_title': 'Samples failed trimming threshold', 'namespace': 'Samples failed trimming threshold', 'format': '{:.0f}'}}, 'fail_mapped_samples': {'section_name': 'WARNING: Fail Alignment Check', 'description': "List of samples that failed the STAR minimum mapped reads threshold specified via the '--min_mapped_reads' parameter, and hence were ignored for the downstream processing steps.", 'plot_type': 'table', 'pconfig': {'id': 'fail_mapped_samples_table', 'table_title': 'Samples failed mapping threshold', 'namespace': 'Samples failed mapping threshold', 'format': '{:.2f}'}}, 'fail_strand_check': {'section_name': 'WARNING: Fail Strand Check', 'description': "List of samples that failed the strandedness check between that provided in the samplesheet and calculated by the <a href='http://rseqc.sourceforge.net/#infer-experiment-py'>RSeQC infer_experiment.py</a> tool.", 'plot_type': 'table', 'pconfig': {'id': 'fail_strand_check_table', 'table_title': 'Samples failed strandedness check', 'namespace': 'Samples failed strandedness check', 'format': '{:.2f}'}}}}
[2023-07-04 15:02:50,741] multiqc                                            [DEBUG  ]  Added to filename patterns: [{'cutadapt': {'fn': '*trimming_report.txt'}, 'fastp': {'fn': '*.fastp.json'}, 'sortmerna': {'fn': '*.sortmerna.log'}, 'hisat2': {'fn': '*.hisat2.summary.log'}, 'salmon/meta': {'fn': 'meta_info.json'}, 'preseq': {'fn': '*.lc_extrap.txt'}, 'samtools/stats': {'fn': '*.stats'}, 'samtools/flagstat': {'fn': '*.flagstat'}, 'samtools/idxstats': {'fn': '*.idxstats*'}, 'rseqc/bam_stat': {'fn': '*.bam_stat.txt'}, 'rseqc/gene_body_coverage': {'skip': True}, 'rseqc/junction_annotation': {'fn': '*.junction_annotation.log'}, 'rseqc/read_gc': {'skip': True}, 'rseqc/read_distribution': {'fn': '*.read_distribution.txt'}, 'rseqc/infer_experiment': {'fn': '*.infer_experiment.txt'}, 'rseqc/tin': {'fn': '*.summary.txt'}, 'picard/markdups': {'fn': '*.MarkDuplicates.metrics.txt'}, 'picard/alignment_metrics': {'skip': True}, 'picard/basedistributionbycycle': {'skip': True}, 'picard/gcbias': {'skip': True}, 'picard/hsmetrics': {'skip': True}, 'picard/insertsize': {'skip': True}, 'picard/oxogmetrics': {'skip': True}, 'picard/pcr_metrics': {'skip': True}, 'picard/quality_by_cycle': {'skip': True}, 'picard/quality_score_distribution': {'skip': True}, 'picard/quality_yield_metrics': {'skip': True}, 'picard/rnaseqmetrics': {'skip': True}, 'picard/rrbs_metrics': {'skip': True}, 'picard/sam_file_validation': {'skip': True}, 'picard/variant_calling_metrics': {'skip': True}, 'picard/wgs_metrics': {'skip': True}}]
[2023-07-04 15:02:50,741] multiqc                                            [DEBUG  ]  Added to filename clean extensions: [['.umi_dedup', '_val', '.markdup']]
[2023-07-04 15:02:50,742] multiqc                                            [DEBUG  ]  Command used: /usr/local/bin/multiqc -f .
[2023-07-04 15:02:51,156] multiqc                                            [DEBUG  ]  Latest MultiQC version is v1.14
[2023-07-04 15:02:51,157] multiqc                                            [DEBUG  ]  Working dir : /localdata/nf_core/work/81/a49114faec315c896dca422d2eb891
[2023-07-04 15:02:51,157] multiqc                                            [DEBUG  ]  Template    : default
[2023-07-04 15:02:51,157] multiqc                                            [DEBUG  ]  Running Python 3.11.0 | packaged by conda-forge | (main, Oct 25 2022, 06:24:40) [GCC 10.4.0]
[2023-07-04 15:02:51,158] multiqc                                            [INFO   ]  Only using modules: custom_content, fastqc, cutadapt, fastp, sortmerna, star, hisat2, rsem, salmon, samtools, picard, preseq, rseqc, qualimap
[2023-07-04 15:02:51,158] multiqc                                            [DEBUG  ]  Analysing modules: custom_content, hisat2, picard, preseq, qualimap, rsem, rseqc, salmon, samtools, sortmerna, star, fastqc, cutadapt, fastp, fastqc
[2023-07-04 15:02:51,158] multiqc                                            [DEBUG  ]  Using temporary directory for creating report: /tmp/tmpy5hh1cgo
[2023-07-04 15:02:51,324] multiqc                                            [INFO   ]  Search path : /localdata/nf_core/work/81/a49114faec315c896dca422d2eb891
[2023-07-04 15:02:51,324] multiqc                                            [DEBUG  ]  Ignored 246 search patterns as didn't match running modules.
[2023-07-04 15:02:51,324] multiqc                                            [INFO   ]  Skipping 17 file search patterns
[2023-07-04 15:02:51,324] multiqc                                            [DEBUG  ]  Skipping search patterns: picard/alignment_metrics, picard/basedistributionbycycle, picard/gcbias, picard/hsmetrics, picard/insertsize, picard/oxogmetrics, picard/pcr_metrics, picard/quality_by_cycle, picard/quality_score_distribution, picard/quality_yield_metrics, picard/rnaseqmetrics, picard/rrbs_metrics, picard/sam_file_validation, picard/variant_calling_metrics, picard/wgs_metrics, rseqc/gene_body_coverage, rseqc/read_gc
[2023-07-04 15:02:51,491] multiqc                                            [DEBUG  ]  Summary of files that were skipped by the search: [skipped_no_match: 218]
[2023-07-04 15:02:52,181] multiqc.plots.bargraph                             [DEBUG  ]  Using matplotlib version 3.6.2
[2023-07-04 15:02:52,183] multiqc.plots.linegraph                            [DEBUG  ]  Using matplotlib version 3.6.2
[2023-07-04 15:02:52,217] multiqc.modules.custom_content.custom_content      [INFO   ]  software_versions: Found 1 sample (html)
[2023-07-04 15:02:52,218] multiqc.modules.custom_content.custom_content      [INFO   ]  nf-core-rnaseq-summary: Found 1 sample (html)
[2023-07-04 15:02:52,218] multiqc.modules.custom_content.custom_content      [INFO   ]  nf-core-rnaseq-methods-description: Found 1 sample (html)
[2023-07-04 15:02:53,145] multiqc.modules.custom_content.custom_content      [INFO   ]  biotype_counts: Found 5 samples (bargraph)
[2023-07-04 15:02:53,145] multiqc.modules.custom_content.custom_content      [INFO   ]  biotype-gs: Found 5 General Statistics columns
[2023-07-04 15:02:53,145] multiqc.modules.custom_content.custom_content      [INFO   ]  star_salmon_deseq2_pca: Found 5 samples (scatter)
[2023-07-04 15:02:53,145] multiqc                                            [DEBUG  ]  multiqc_star_salmon_deseq2_clustering-plot could not be saved as tsv/csv. Falling back to YAML.
[2023-07-04 15:02:53,146] multiqc.modules.custom_content.custom_content      [INFO   ]  star_salmon_deseq2_clustering: Found 5 samples (heatmap)
[2023-07-04 15:02:53,146] multiqc.modules.custom_content.custom_content      [INFO   ]  salmon_deseq2_pca: Found 5 samples (scatter)
[2023-07-04 15:02:53,146] multiqc                                            [DEBUG  ]  multiqc_salmon_deseq2_clustering-plot could not be saved as tsv/csv. Falling back to YAML.
[2023-07-04 15:02:53,147] multiqc.modules.custom_content.custom_content      [INFO   ]  salmon_deseq2_clustering: Found 5 samples (heatmap)
[2023-07-04 15:02:53,147] multiqc.modules.custom_content.custom_content      [INFO   ]  DupInt: Found 5 General Statistics columns
[2023-07-04 15:02:53,644] multiqc.modules.custom_content.custom_content      [INFO   ]  dupradar: Found 5 samples (linegraph)
[2023-07-04 15:02:54,427] multiqc.modules.picard.picard                      [INFO   ]  Found 5 MarkDuplicates reports
[2023-07-04 15:02:56,124] multiqc.modules.qualimap.qualimap                  [INFO   ]  Found 5 RNASeq reports
[2023-07-04 15:02:56,909] multiqc.modules.rseqc.rseqc                        [INFO   ]  Found 5 read_distribution reports
[2023-07-04 15:02:57,779] multiqc.modules.rseqc.rseqc                        [INFO   ]  Found 3 inner_distance reports
[2023-07-04 15:02:58,352] multiqc.modules.rseqc.rseqc                        [INFO   ]  Found 5 read_duplication reports
[2023-07-04 15:02:59,652] multiqc.modules.rseqc.rseqc                        [INFO   ]  Found 5 junction_annotation reports
[2023-07-04 15:03:01,073] multiqc.modules.rseqc.rseqc                        [INFO   ]  Found 5 junction_saturation reports
[2023-07-04 15:03:01,426] multiqc.modules.rseqc.rseqc                        [INFO   ]  Found 5 infer_experiment reports
[2023-07-04 15:03:01,429] multiqc.modules.rseqc.rseqc                        [INFO   ]  Found 5 bam_stat reports
[2023-07-04 15:03:01,434] multiqc.modules.salmon.salmon                      [INFO   ]  Found 5 meta reports
[2023-07-04 15:03:01,434] multiqc.modules.salmon.salmon                      [INFO   ]  Found 5 fragment length distributions
[2023-07-04 15:03:02,575] multiqc.modules.samtools.samtools                  [INFO   ]  Found 5 stats reports
[2023-07-04 15:03:02,578] multiqc.modules.samtools.samtools                  [INFO   ]  Found 5 flagstat reports
[2023-07-04 15:03:03,637] multiqc.modules.samtools.samtools                  [INFO   ]  Found 5 idxstats reports
[2023-07-04 15:03:03,642] multiqc.modules.star.star                          [INFO   ]  Found 5 reports
[2023-07-04 15:03:04,407] multiqc.modules.base_module                        [DEBUG  ]  fastqc/zip - Selecting './fastqc/raw/RAP1_UNINDUCED_REP1_fastqc.zip' as it matched the path_filters for 'FastQC (raw)'
[2023-07-04 15:03:04,409] multiqc.modules.base_module                        [DEBUG  ]  fastqc/zip - Selecting './fastqc/raw/WT_REP2_1_fastqc.zip' as it matched the path_filters for 'FastQC (raw)'
[2023-07-04 15:03:04,410] multiqc.modules.base_module                        [DEBUG  ]  fastqc/zip - Selecting './fastqc/raw/WT_REP2_2_fastqc.zip' as it matched the path_filters for 'FastQC (raw)'
[2023-07-04 15:03:04,411] multiqc.modules.base_module                        [DEBUG  ]  fastqc/zip - Selecting './fastqc/raw/RAP1_UNINDUCED_REP2_fastqc.zip' as it matched the path_filters for 'FastQC (raw)'
[2023-07-04 15:03:04,413] multiqc.modules.base_module                        [DEBUG  ]  fastqc/zip - Selecting './fastqc/raw/RAP1_IAA_30M_REP1_1_fastqc.zip' as it matched the path_filters for 'FastQC (raw)'
[2023-07-04 15:03:04,414] multiqc.modules.base_module                        [DEBUG  ]  fastqc/zip - Selecting './fastqc/raw/RAP1_IAA_30M_REP1_2_fastqc.zip' as it matched the path_filters for 'FastQC (raw)'
[2023-07-04 15:03:04,415] multiqc.modules.base_module                        [DEBUG  ]  fastqc/zip - Selecting './fastqc/raw/WT_REP1_1_fastqc.zip' as it matched the path_filters for 'FastQC (raw)'
[2023-07-04 15:03:04,416] multiqc.modules.base_module                        [DEBUG  ]  fastqc/zip - Selecting './fastqc/raw/WT_REP1_2_fastqc.zip' as it matched the path_filters for 'FastQC (raw)'
[2023-07-04 15:03:04,418] multiqc.modules.base_module                        [DEBUG  ]  fastqc/zip - Skipping './fastqc/trim/RAP1_UNINDUCED_REP1_trimmed_fastqc.zip' as it didn't match the path_filters for 'FastQC (raw)'
[2023-07-04 15:03:04,418] multiqc.modules.base_module                        [DEBUG  ]  fastqc/zip - Skipping './fastqc/trim/RAP1_UNINDUCED_REP2_trimmed_fastqc.zip' as it didn't match the path_filters for 'FastQC (raw)'
[2023-07-04 15:03:04,418] multiqc.modules.base_module                        [DEBUG  ]  fastqc/zip - Skipping './fastqc/trim/RAP1_IAA_30M_REP1_1_val_1_fastqc.zip' as it didn't match the path_filters for 'FastQC (raw)'
[2023-07-04 15:03:04,418] multiqc.modules.base_module                        [DEBUG  ]  fastqc/zip - Skipping './fastqc/trim/RAP1_IAA_30M_REP1_2_val_2_fastqc.zip' as it didn't match the path_filters for 'FastQC (raw)'
[2023-07-04 15:03:04,418] multiqc.modules.base_module                        [DEBUG  ]  fastqc/zip - Skipping './fastqc/trim/WT_REP2_1_val_1_fastqc.zip' as it didn't match the path_filters for 'FastQC (raw)'
[2023-07-04 15:03:04,418] multiqc.modules.base_module                        [DEBUG  ]  fastqc/zip - Skipping './fastqc/trim/WT_REP2_2_val_2_fastqc.zip' as it didn't match the path_filters for 'FastQC (raw)'
[2023-07-04 15:03:04,418] multiqc.modules.base_module                        [DEBUG  ]  fastqc/zip - Skipping './fastqc/trim/WT_REP1_1_val_1_fastqc.zip' as it didn't match the path_filters for 'FastQC (raw)'
[2023-07-04 15:03:04,418] multiqc.modules.base_module                        [DEBUG  ]  fastqc/zip - Skipping './fastqc/trim/WT_REP1_2_val_2_fastqc.zip' as it didn't match the path_filters for 'FastQC (raw)'
[2023-07-04 15:03:04,418] multiqc.modules.fastqc.fastqc                      [INFO   ]  Found 8 reports
[2023-07-04 15:03:09,460] multiqc.modules.cutadapt.cutadapt                  [INFO   ]  Found 8 reports
[2023-07-04 15:03:11,398] multiqc.modules.base_module                        [DEBUG  ]  fastqc/zip - Skipping './fastqc/raw/RAP1_UNINDUCED_REP1_fastqc.zip' as it didn't match the path_filters for 'FastQC (trimmed)'
[2023-07-04 15:03:11,398] multiqc.modules.base_module                        [DEBUG  ]  fastqc/zip - Skipping './fastqc/raw/WT_REP2_1_fastqc.zip' as it didn't match the path_filters for 'FastQC (trimmed)'
[2023-07-04 15:03:11,398] multiqc.modules.base_module                        [DEBUG  ]  fastqc/zip - Skipping './fastqc/raw/WT_REP2_2_fastqc.zip' as it didn't match the path_filters for 'FastQC (trimmed)'
[2023-07-04 15:03:11,398] multiqc.modules.base_module                        [DEBUG  ]  fastqc/zip - Skipping './fastqc/raw/RAP1_UNINDUCED_REP2_fastqc.zip' as it didn't match the path_filters for 'FastQC (trimmed)'
[2023-07-04 15:03:11,398] multiqc.modules.base_module                        [DEBUG  ]  fastqc/zip - Skipping './fastqc/raw/RAP1_IAA_30M_REP1_1_fastqc.zip' as it didn't match the path_filters for 'FastQC (trimmed)'
[2023-07-04 15:03:11,398] multiqc.modules.base_module                        [DEBUG  ]  fastqc/zip - Skipping './fastqc/raw/RAP1_IAA_30M_REP1_2_fastqc.zip' as it didn't match the path_filters for 'FastQC (trimmed)'
[2023-07-04 15:03:11,398] multiqc.modules.base_module                        [DEBUG  ]  fastqc/zip - Skipping './fastqc/raw/WT_REP1_1_fastqc.zip' as it didn't match the path_filters for 'FastQC (trimmed)'
[2023-07-04 15:03:11,398] multiqc.modules.base_module                        [DEBUG  ]  fastqc/zip - Skipping './fastqc/raw/WT_REP1_2_fastqc.zip' as it didn't match the path_filters for 'FastQC (trimmed)'
[2023-07-04 15:03:11,398] multiqc.modules.base_module                        [DEBUG  ]  fastqc/zip - Selecting './fastqc/trim/RAP1_UNINDUCED_REP1_trimmed_fastqc.zip' as it matched the path_filters for 'FastQC (trimmed)'
[2023-07-04 15:03:11,400] multiqc.modules.base_module                        [DEBUG  ]  fastqc/zip - Selecting './fastqc/trim/RAP1_UNINDUCED_REP2_trimmed_fastqc.zip' as it matched the path_filters for 'FastQC (trimmed)'
[2023-07-04 15:03:11,401] multiqc.modules.base_module                        [DEBUG  ]  fastqc/zip - Selecting './fastqc/trim/RAP1_IAA_30M_REP1_1_val_1_fastqc.zip' as it matched the path_filters for 'FastQC (trimmed)'
[2023-07-04 15:03:11,403] multiqc.modules.base_module                        [DEBUG  ]  fastqc/zip - Selecting './fastqc/trim/RAP1_IAA_30M_REP1_2_val_2_fastqc.zip' as it matched the path_filters for 'FastQC (trimmed)'
[2023-07-04 15:03:11,404] multiqc.modules.base_module                        [DEBUG  ]  fastqc/zip - Selecting './fastqc/trim/WT_REP2_1_val_1_fastqc.zip' as it matched the path_filters for 'FastQC (trimmed)'
[2023-07-04 15:03:11,405] multiqc.modules.base_module                        [DEBUG  ]  fastqc/zip - Selecting './fastqc/trim/WT_REP2_2_val_2_fastqc.zip' as it matched the path_filters for 'FastQC (trimmed)'
[2023-07-04 15:03:11,407] multiqc.modules.base_module                        [DEBUG  ]  fastqc/zip - Selecting './fastqc/trim/WT_REP1_1_val_1_fastqc.zip' as it matched the path_filters for 'FastQC (trimmed)'
[2023-07-04 15:03:11,408] multiqc.modules.base_module                        [DEBUG  ]  fastqc/zip - Selecting './fastqc/trim/WT_REP1_2_val_2_fastqc.zip' as it matched the path_filters for 'FastQC (trimmed)'
[2023-07-04 15:03:11,410] multiqc.modules.fastqc.fastqc                      [INFO   ]  Found 8 reports
[2023-07-04 15:03:16,478] multiqc                                            [DEBUG  ]  Reordering sections: anchor 'nf-core-rnaseq-methods-description' not found for module 'Biotype Counts'.
[2023-07-04 15:03:16,478] multiqc                                            [DEBUG  ]  Reordering sections: anchor 'software_versions' not found for module 'Biotype Counts'.
[2023-07-04 15:03:16,478] multiqc                                            [DEBUG  ]  Reordering sections: anchor 'nf-core-rnaseq-summary' not found for module 'Biotype Counts'.
[2023-07-04 15:03:16,478] multiqc                                            [DEBUG  ]  Reordering sections: anchor 'nf-core-rnaseq-methods-description' not found for module 'STAR_SALMON DESeq2 PCA plot'.
[2023-07-04 15:03:16,478] multiqc                                            [DEBUG  ]  Reordering sections: anchor 'software_versions' not found for module 'STAR_SALMON DESeq2 PCA plot'.
[2023-07-04 15:03:16,478] multiqc                                            [DEBUG  ]  Reordering sections: anchor 'nf-core-rnaseq-summary' not found for module 'STAR_SALMON DESeq2 PCA plot'.
[2023-07-04 15:03:16,478] multiqc                                            [DEBUG  ]  Reordering sections: anchor 'nf-core-rnaseq-methods-description' not found for module 'STAR_SALMON DESeq2 sample similarity'.
[2023-07-04 15:03:16,478] multiqc                                            [DEBUG  ]  Reordering sections: anchor 'software_versions' not found for module 'STAR_SALMON DESeq2 sample similarity'.
[2023-07-04 15:03:16,478] multiqc                                            [DEBUG  ]  Reordering sections: anchor 'nf-core-rnaseq-summary' not found for module 'STAR_SALMON DESeq2 sample similarity'.
[2023-07-04 15:03:16,478] multiqc                                            [DEBUG  ]  Reordering sections: anchor 'nf-core-rnaseq-methods-description' not found for module 'SALMON DESeq2 PCA plot'.
[2023-07-04 15:03:16,478] multiqc                                            [DEBUG  ]  Reordering sections: anchor 'software_versions' not found for module 'SALMON DESeq2 PCA plot'.
[2023-07-04 15:03:16,478] multiqc                                            [DEBUG  ]  Reordering sections: anchor 'nf-core-rnaseq-summary' not found for module 'SALMON DESeq2 PCA plot'.
[2023-07-04 15:03:16,478] multiqc                                            [DEBUG  ]  Reordering sections: anchor 'nf-core-rnaseq-methods-description' not found for module 'SALMON DESeq2 sample similarity'.
[2023-07-04 15:03:16,479] multiqc                                            [DEBUG  ]  Reordering sections: anchor 'software_versions' not found for module 'SALMON DESeq2 sample similarity'.
[2023-07-04 15:03:16,479] multiqc                                            [DEBUG  ]  Reordering sections: anchor 'nf-core-rnaseq-summary' not found for module 'SALMON DESeq2 sample similarity'.
[2023-07-04 15:03:16,479] multiqc                                            [DEBUG  ]  Reordering sections: anchor 'nf-core-rnaseq-methods-description' not found for module 'DupRadar'.
[2023-07-04 15:03:16,479] multiqc                                            [DEBUG  ]  Reordering sections: anchor 'software_versions' not found for module 'DupRadar'.
[2023-07-04 15:03:16,479] multiqc                                            [DEBUG  ]  Reordering sections: anchor 'nf-core-rnaseq-summary' not found for module 'DupRadar'.
[2023-07-04 15:03:16,479] multiqc                                            [DEBUG  ]  Reordering sections: anchor 'nf-core-rnaseq-methods-description' not found for module 'Picard'.
[2023-07-04 15:03:16,479] multiqc                                            [DEBUG  ]  Reordering sections: anchor 'software_versions' not found for module 'Picard'.
[2023-07-04 15:03:16,479] multiqc                                            [DEBUG  ]  Reordering sections: anchor 'nf-core-rnaseq-summary' not found for module 'Picard'.
[2023-07-04 15:03:16,479] multiqc                                            [DEBUG  ]  Reordering sections: anchor 'nf-core-rnaseq-methods-description' not found for module 'QualiMap'.
[2023-07-04 15:03:16,479] multiqc                                            [DEBUG  ]  Reordering sections: anchor 'software_versions' not found for module 'QualiMap'.
[2023-07-04 15:03:16,479] multiqc                                            [DEBUG  ]  Reordering sections: anchor 'nf-core-rnaseq-summary' not found for module 'QualiMap'.
[2023-07-04 15:03:16,479] multiqc                                            [DEBUG  ]  Reordering sections: anchor 'nf-core-rnaseq-methods-description' not found for module 'RSeQC'.
[2023-07-04 15:03:16,479] multiqc                                            [DEBUG  ]  Reordering sections: anchor 'software_versions' not found for module 'RSeQC'.
[2023-07-04 15:03:16,479] multiqc                                            [DEBUG  ]  Reordering sections: anchor 'nf-core-rnaseq-summary' not found for module 'RSeQC'.
[2023-07-04 15:03:16,479] multiqc                                            [DEBUG  ]  Reordering sections: anchor 'nf-core-rnaseq-methods-description' not found for module 'Salmon'.
[2023-07-04 15:03:16,479] multiqc                                            [DEBUG  ]  Reordering sections: anchor 'software_versions' not found for module 'Salmon'.
[2023-07-04 15:03:16,479] multiqc                                            [DEBUG  ]  Reordering sections: anchor 'nf-core-rnaseq-summary' not found for module 'Salmon'.
[2023-07-04 15:03:16,479] multiqc                                            [DEBUG  ]  Reordering sections: anchor 'nf-core-rnaseq-methods-description' not found for module 'Samtools'.
[2023-07-04 15:03:16,479] multiqc                                            [DEBUG  ]  Reordering sections: anchor 'software_versions' not found for module 'Samtools'.
[2023-07-04 15:03:16,479] multiqc                                            [DEBUG  ]  Reordering sections: anchor 'nf-core-rnaseq-summary' not found for module 'Samtools'.
[2023-07-04 15:03:16,479] multiqc                                            [DEBUG  ]  Reordering sections: anchor 'nf-core-rnaseq-methods-description' not found for module 'STAR'.
[2023-07-04 15:03:16,479] multiqc                                            [DEBUG  ]  Reordering sections: anchor 'software_versions' not found for module 'STAR'.
[2023-07-04 15:03:16,479] multiqc                                            [DEBUG  ]  Reordering sections: anchor 'nf-core-rnaseq-summary' not found for module 'STAR'.
[2023-07-04 15:03:16,479] multiqc                                            [DEBUG  ]  Reordering sections: anchor 'nf-core-rnaseq-methods-description' not found for module 'FastQC (raw)'.
[2023-07-04 15:03:16,479] multiqc                                            [DEBUG  ]  Reordering sections: anchor 'software_versions' not found for module 'FastQC (raw)'.
[2023-07-04 15:03:16,479] multiqc                                            [DEBUG  ]  Reordering sections: anchor 'nf-core-rnaseq-summary' not found for module 'FastQC (raw)'.
[2023-07-04 15:03:16,479] multiqc                                            [DEBUG  ]  Reordering sections: anchor 'nf-core-rnaseq-methods-description' not found for module 'Cutadapt'.
[2023-07-04 15:03:16,479] multiqc                                            [DEBUG  ]  Reordering sections: anchor 'software_versions' not found for module 'Cutadapt'.
[2023-07-04 15:03:16,479] multiqc                                            [DEBUG  ]  Reordering sections: anchor 'nf-core-rnaseq-summary' not found for module 'Cutadapt'.
[2023-07-04 15:03:16,479] multiqc                                            [DEBUG  ]  Reordering sections: anchor 'nf-core-rnaseq-methods-description' not found for module 'FastQC (trimmed)'.
[2023-07-04 15:03:16,479] multiqc                                            [DEBUG  ]  Reordering sections: anchor 'software_versions' not found for module 'FastQC (trimmed)'.
[2023-07-04 15:03:16,479] multiqc                                            [DEBUG  ]  Reordering sections: anchor 'nf-core-rnaseq-summary' not found for module 'FastQC (trimmed)'.
[2023-07-04 15:03:16,479] multiqc                                            [DEBUG  ]  Reordering sections: anchor 'nf-core-rnaseq-methods-description' not found for module 'nf-core/rnaseq Methods Description'.
[2023-07-04 15:03:16,479] multiqc                                            [DEBUG  ]  Reordering sections: anchor 'software_versions' not found for module 'nf-core/rnaseq Methods Description'.
[2023-07-04 15:03:16,479] multiqc                                            [DEBUG  ]  Reordering sections: anchor 'nf-core-rnaseq-summary' not found for module 'nf-core/rnaseq Methods Description'.
[2023-07-04 15:03:16,479] multiqc                                            [DEBUG  ]  Reordering sections: anchor 'nf-core-rnaseq-methods-description' not found for module 'nf-core/rnaseq Software Versions'.
[2023-07-04 15:03:16,480] multiqc                                            [DEBUG  ]  Reordering sections: anchor 'software_versions' not found for module 'nf-core/rnaseq Software Versions'.
[2023-07-04 15:03:16,480] multiqc                                            [DEBUG  ]  Reordering sections: anchor 'nf-core-rnaseq-summary' not found for module 'nf-core/rnaseq Software Versions'.
[2023-07-04 15:03:16,480] multiqc                                            [DEBUG  ]  Reordering sections: anchor 'nf-core-rnaseq-methods-description' not found for module 'nf-core/rnaseq Workflow Summary'.
[2023-07-04 15:03:16,480] multiqc                                            [DEBUG  ]  Reordering sections: anchor 'software_versions' not found for module 'nf-core/rnaseq Workflow Summary'.
[2023-07-04 15:03:16,480] multiqc                                            [DEBUG  ]  Reordering sections: anchor 'nf-core-rnaseq-summary' not found for module 'nf-core/rnaseq Workflow Summary'.
[2023-07-04 15:03:16,504] multiqc                                            [INFO   ]  Compressing plot data
[2023-07-04 15:03:16,699] multiqc                                            [INFO   ]  Report      : multiqc_report.html
[2023-07-04 15:03:16,699] multiqc                                            [INFO   ]  Data        : multiqc_data
[2023-07-04 15:03:16,699] multiqc                                            [DEBUG  ]  Moving data file from '/tmp/tmpy5hh1cgo/multiqc_data' to '/localdata/nf_core/work/81/a49114faec315c896dca422d2eb891/multiqc_data'
[2023-07-04 15:03:16,706] multiqc                                            [INFO   ]  Plots       : multiqc_plots
[2023-07-04 15:03:16,706] multiqc                                            [DEBUG  ]  Moving plots directory from '/tmp/tmpy5hh1cgo/multiqc_plots' to '/localdata/nf_core/work/81/a49114faec315c896dca422d2eb891/multiqc_plots'
[2023-07-04 15:03:16,777] multiqc                                            [INFO   ]  MultiQC complete
